{"@timestamp":"2025-03-26T21:06:36.514Z","service_name_custom":"cv-web-backend-service","traceId":"","spanId":"","level":"INFO","logger":"c.a.c.CvWebBackendApplication","message":"Starting CvWebBackendApplication v0.0.1-SNAPSHOT using Java 17.0.14 with PID 1 (/app/app.jar started by backend in /app)","thread":"main","user":""}
{"@timestamp":"2025-03-26T21:06:36.555Z","service_name_custom":"cv-web-backend-service","traceId":"","spanId":"","level":"INFO","logger":"c.a.c.CvWebBackendApplication","message":"No active profile set, falling back to 1 default profile: \"default\"","thread":"main","user":""}
{"@timestamp":"2025-03-26T21:06:36.67Z","service_name_custom":"cv-web-backend-service","traceId":"","spanId":"","level":"INFO","logger":"o.s.b.d.e.DevToolsPropertyDefaultsPostProcessor","message":"For additional web related logging consider setting the 'logging.level.web' property to 'DEBUG'","thread":"main","user":""}
{"@timestamp":"2025-03-26T21:06:39.046Z","service_name_custom":"cv-web-backend-service","traceId":"","spanId":"","level":"INFO","logger":"o.s.d.r.c.RepositoryConfigurationDelegate","message":"Bootstrapping Spring Data JPA repositories in DEFAULT mode.","thread":"main","user":""}
{"@timestamp":"2025-03-26T21:06:39.166Z","service_name_custom":"cv-web-backend-service","traceId":"","spanId":"","level":"INFO","logger":"o.s.d.r.c.RepositoryConfigurationDelegate","message":"Finished Spring Data repository scanning in 102 ms. Found 2 JPA repository interfaces.","thread":"main","user":""}
{"@timestamp":"2025-03-26T21:06:40.58Z","service_name_custom":"cv-web-backend-service","traceId":"","spanId":"","level":"INFO","logger":"o.s.b.w.e.tomcat.TomcatWebServer","message":"Tomcat initialized with port 8080 (http)","thread":"main","user":""}
{"@timestamp":"2025-03-26T21:06:40.633Z","service_name_custom":"cv-web-backend-service","traceId":"","spanId":"","level":"INFO","logger":"o.a.coyote.http11.Http11NioProtocol","message":"Initializing ProtocolHandler [\"http-nio-8080\"]","thread":"main","user":""}
{"@timestamp":"2025-03-26T21:06:40.642Z","service_name_custom":"cv-web-backend-service","traceId":"","spanId":"","level":"INFO","logger":"o.a.catalina.core.StandardService","message":"Starting service [Tomcat]","thread":"main","user":""}
{"@timestamp":"2025-03-26T21:06:40.643Z","service_name_custom":"cv-web-backend-service","traceId":"","spanId":"","level":"INFO","logger":"o.a.catalina.core.StandardEngine","message":"Starting Servlet engine: [Apache Tomcat/10.1.39]","thread":"main","user":""}
{"@timestamp":"2025-03-26T21:06:40.735Z","service_name_custom":"cv-web-backend-service","traceId":"","spanId":"","level":"INFO","logger":"o.a.c.c.C.[Tomcat].[localhost].[/]","message":"Initializing Spring embedded WebApplicationContext","thread":"main","user":""}
{"@timestamp":"2025-03-26T21:06:40.736Z","service_name_custom":"cv-web-backend-service","traceId":"","spanId":"","level":"INFO","logger":"o.s.b.w.s.c.ServletWebServerApplicationContext","message":"Root WebApplicationContext: initialization completed in 4064 ms","thread":"main","user":""}
{"@timestamp":"2025-03-26T21:06:41.886Z","service_name_custom":"cv-web-backend-service","traceId":"","spanId":"","level":"INFO","logger":"org.flywaydb.core.FlywayExecutor","message":"Database: jdbc:postgresql://postgres:5432/cv_web_db (PostgreSQL 17.3)","thread":"main","user":""}
{"@timestamp":"2025-03-26T21:06:41.954Z","service_name_custom":"cv-web-backend-service","traceId":"","spanId":"","level":"INFO","logger":"o.f.c.i.s.JdbcTableSchemaHistory","message":"Schema history table \"cv_web_schema\".\"flyway_schema_history\" does not exist yet","thread":"main","user":""}
{"@timestamp":"2025-03-26T21:06:41.959Z","service_name_custom":"cv-web-backend-service","traceId":"","spanId":"","level":"INFO","logger":"o.f.core.internal.command.DbValidate","message":"Successfully validated 3 migrations (execution time 00:00.035s)","thread":"main","user":""}
{"@timestamp":"2025-03-26T21:06:41.993Z","service_name_custom":"cv-web-backend-service","traceId":"","spanId":"","level":"INFO","logger":"o.f.c.i.s.JdbcTableSchemaHistory","message":"Creating Schema History table \"cv_web_schema\".\"flyway_schema_history\" ...","thread":"main","user":""}
{"@timestamp":"2025-03-26T21:06:42.11Z","service_name_custom":"cv-web-backend-service","traceId":"","spanId":"","level":"INFO","logger":"o.f.core.internal.command.DbMigrate","message":"Current version of schema \"cv_web_schema\": << Empty Schema >>","thread":"main","user":""}
{"@timestamp":"2025-03-26T21:06:42.124Z","service_name_custom":"cv-web-backend-service","traceId":"","spanId":"","level":"INFO","logger":"o.f.core.internal.command.DbMigrate","message":"Migrating schema \"cv_web_schema\" to version \"1 - create hibernate sequence\"","thread":"main","user":""}
{"@timestamp":"2025-03-26T21:06:42.175Z","service_name_custom":"cv-web-backend-service","traceId":"","spanId":"","level":"INFO","logger":"o.f.core.internal.command.DbMigrate","message":"Migrating schema \"cv_web_schema\" to version \"2 - jobs\"","thread":"main","user":""}
{"@timestamp":"2025-03-26T21:06:42.209Z","service_name_custom":"cv-web-backend-service","traceId":"","spanId":"","level":"INFO","logger":"o.f.core.internal.command.DbMigrate","message":"Migrating schema \"cv_web_schema\" to version \"3 - educations\"","thread":"main","user":""}
{"@timestamp":"2025-03-26T21:06:42.238Z","service_name_custom":"cv-web-backend-service","traceId":"","spanId":"","level":"INFO","logger":"o.f.core.internal.command.DbMigrate","message":"Successfully applied 3 migrations to schema \"cv_web_schema\", now at version v3 (execution time 00:00.032s)","thread":"main","user":""}
{"@timestamp":"2025-03-26T21:06:42.416Z","service_name_custom":"cv-web-backend-service","traceId":"","spanId":"","level":"INFO","logger":"o.h.jpa.internal.util.LogHelper","message":"HHH000204: Processing PersistenceUnitInfo [name: default]","thread":"main","user":""}
{"@timestamp":"2025-03-26T21:06:42.529Z","service_name_custom":"cv-web-backend-service","traceId":"","spanId":"","level":"INFO","logger":"org.hibernate.Version","message":"HHH000412: Hibernate ORM core version 6.6.11.Final","thread":"main","user":""}
{"@timestamp":"2025-03-26T21:06:42.613Z","service_name_custom":"cv-web-backend-service","traceId":"","spanId":"","level":"INFO","logger":"o.h.c.i.RegionFactoryInitiator","message":"HHH000026: Second-level cache disabled","thread":"main","user":""}
{"@timestamp":"2025-03-26T21:06:43.17Z","service_name_custom":"cv-web-backend-service","traceId":"","spanId":"","level":"INFO","logger":"o.s.o.j.p.SpringPersistenceUnitInfo","message":"No LoadTimeWeaver setup: ignoring JPA class transformer","thread":"main","user":""}
{"@timestamp":"2025-03-26T21:06:43.238Z","service_name_custom":"cv-web-backend-service","traceId":"","spanId":"","level":"INFO","logger":"com.zaxxer.hikari.HikariDataSource","message":"HikariPool-1 - Starting...","thread":"main","user":""}
{"@timestamp":"2025-03-26T21:06:43.296Z","service_name_custom":"cv-web-backend-service","traceId":"","spanId":"","level":"INFO","logger":"com.zaxxer.hikari.pool.HikariPool","message":"HikariPool-1 - Added connection org.postgresql.jdbc.PgConnection@1f9c9485","thread":"main","user":""}
{"@timestamp":"2025-03-26T21:06:43.317Z","service_name_custom":"cv-web-backend-service","traceId":"","spanId":"","level":"INFO","logger":"com.zaxxer.hikari.HikariDataSource","message":"HikariPool-1 - Start completed.","thread":"main","user":""}
{"@timestamp":"2025-03-26T21:06:43.4Z","service_name_custom":"cv-web-backend-service","traceId":"","spanId":"","level":"WARN","logger":"org.hibernate.orm.deprecation","message":"HHH90000025: PostgreSQLDialect does not need to be specified explicitly using 'hibernate.dialect' (remove the property setting and it will be selected by default)","thread":"main","user":""}
{"@timestamp":"2025-03-26T21:06:43.447Z","service_name_custom":"cv-web-backend-service","traceId":"","spanId":"","level":"INFO","logger":"o.hibernate.orm.connections.pooling","message":"HHH10001005: Database info:\n\tDatabase JDBC URL [Connecting through datasource 'HikariDataSource (HikariPool-1)']\n\tDatabase driver: undefined/unknown\n\tDatabase version: 17.3\n\tAutocommit mode: undefined/unknown\n\tIsolation level: undefined/unknown\n\tMinimum pool size: undefined/unknown\n\tMaximum pool size: undefined/unknown","thread":"main","user":""}
{"@timestamp":"2025-03-26T21:06:44.962Z","service_name_custom":"cv-web-backend-service","traceId":"","spanId":"","level":"INFO","logger":"o.h.e.t.j.p.i.JtaPlatformInitiator","message":"HHH000489: No JTA platform available (set 'hibernate.transaction.jta.platform' to enable JTA platform integration)","thread":"main","user":""}
{"@timestamp":"2025-03-26T21:06:45.103Z","service_name_custom":"cv-web-backend-service","traceId":"","spanId":"","level":"INFO","logger":"o.s.o.j.LocalContainerEntityManagerFactoryBean","message":"Initialized JPA EntityManagerFactory for persistence unit 'default'","thread":"main","user":""}
{"@timestamp":"2025-03-26T21:06:45.123Z","service_name_custom":"cv-web-backend-service","traceId":"","spanId":"","level":"INFO","logger":"c.a.c.CvWebBackendApplication","message":"✅ cv-web-backend is up and running, ready to accept requests","thread":"main","user":""}
{"@timestamp":"2025-03-26T21:06:46.748Z","service_name_custom":"cv-web-backend-service","traceId":"","spanId":"","level":"INFO","logger":"i.t.s.WorkflowServiceStubsImpl","message":"Created WorkflowServiceStubs for channel: ManagedChannelOrphanWrapper{delegate=ManagedChannelImpl{logId=1, target=127.0.0.1:7233}}","thread":"main","user":""}
{"@timestamp":"2025-03-26T21:06:53.426Z","service_name_custom":"cv-web-backend-service","traceId":"","spanId":"","level":"WARN","logger":"o.s.b.w.s.c.AnnotationConfigServletWebServerApplicationContext","message":"Exception encountered during context initialization - cancelling refresh attempt: org.springframework.beans.factory.BeanCreationException: Error creating bean with name 'workerFactory' defined in class path resource [com/andrefeuille/cv_web_backend/temporal/TemporalConfig.class]: Failed to instantiate [io.temporal.worker.WorkerFactory]: Factory method 'workerFactory' threw exception with message: UNAVAILABLE: io exception","thread":"main","user":""}
{"@timestamp":"2025-03-26T21:06:53.427Z","service_name_custom":"cv-web-backend-service","traceId":"","spanId":"","level":"INFO","logger":"i.t.s.WorkflowServiceStubsImpl","message":"shutdown","thread":"main","user":""}
{"@timestamp":"2025-03-26T21:06:53.453Z","service_name_custom":"cv-web-backend-service","traceId":"","spanId":"","level":"INFO","logger":"o.s.o.j.LocalContainerEntityManagerFactoryBean","message":"Closing JPA EntityManagerFactory for persistence unit 'default'","thread":"main","user":""}
{"@timestamp":"2025-03-26T21:06:53.462Z","service_name_custom":"cv-web-backend-service","traceId":"","spanId":"","level":"INFO","logger":"com.zaxxer.hikari.HikariDataSource","message":"HikariPool-1 - Shutdown initiated...","thread":"main","user":""}
{"@timestamp":"2025-03-26T21:06:53.468Z","service_name_custom":"cv-web-backend-service","traceId":"","spanId":"","level":"INFO","logger":"com.zaxxer.hikari.HikariDataSource","message":"HikariPool-1 - Shutdown completed.","thread":"main","user":""}
{"@timestamp":"2025-03-26T21:06:53.473Z","service_name_custom":"cv-web-backend-service","traceId":"","spanId":"","level":"INFO","logger":"o.a.catalina.core.StandardService","message":"Stopping service [Tomcat]","thread":"main","user":""}
{"@timestamp":"2025-03-26T21:06:53.516Z","service_name_custom":"cv-web-backend-service","traceId":"","spanId":"","level":"INFO","logger":"o.s.b.a.l.ConditionEvaluationReportLogger","message":"\n\nError starting ApplicationContext. To display the condition evaluation report re-run your application with 'debug' enabled.","thread":"main","user":""}
{"@timestamp":"2025-03-26T21:06:53.543Z","service_name_custom":"cv-web-backend-service","traceId":"","spanId":"","level":"ERROR","logger":"o.s.boot.SpringApplication","message":"Application run failed","thread":"main","user":""}
